%このファイルは日本語文字を含みます.
\BOOKMARK [1][-]{section.1}{第1部 記号論理学}{}% 1
\BOOKMARK [2][-]{subsection.1.1}{1.1 記号論理学の初歩}{section.1}% 2
\BOOKMARK [3][-]{subsubsection.1.1.1}{1.1.1 命題}{subsection.1.1}% 3
\BOOKMARK [3][-]{subsubsection.1.1.2}{1.1.2 形式的体系}{subsection.1.1}% 4
\BOOKMARK [3][-]{subsubsection.1.1.3}{1.1.3 論理式}{subsection.1.1}% 5
\BOOKMARK [3][-]{subsubsection.1.1.4}{1.1.4 Hilbert流形式的体系}{subsection.1.1}% 6
\BOOKMARK [3][-]{subsubsection.1.1.5}{1.1.5 論理式の計算}{subsection.1.1}% 7
\BOOKMARK [3][-]{subsubsection.1.1.6}{1.1.6 代表的な推論規則}{subsection.1.1}% 8
\BOOKMARK [3][-]{subsubsection.1.1.7}{1.1.7 証明}{subsection.1.1}% 9
\BOOKMARK [1][-]{section.2}{第2部 集合論}{}% 10
\BOOKMARK [2][-]{subsection.2.1}{2.1 集合}{section.2}% 11
\BOOKMARK [3][-]{subsubsection.2.1.1}{2.1.1 ZFC公理系}{subsection.2.1}% 12
\BOOKMARK [3][-]{subsubsection.2.1.2}{2.1.2 外延性の公理}{subsection.2.1}% 13
\BOOKMARK [3][-]{subsubsection.2.1.3}{2.1.3 空集合の公理}{subsection.2.1}% 14
\BOOKMARK [3][-]{subsubsection.2.1.4}{2.1.4 対の公理}{subsection.2.1}% 15
\BOOKMARK [3][-]{subsubsection.2.1.5}{2.1.5 和集合の公理}{subsection.2.1}% 16
\BOOKMARK [3][-]{subsubsection.2.1.6}{2.1.6 分出の公理}{subsection.2.1}% 17
\BOOKMARK [3][-]{subsubsection.2.1.7}{2.1.7 和集合と積集合}{subsection.2.1}% 18
\BOOKMARK [3][-]{subsubsection.2.1.8}{2.1.8 数学でよく用いられる論理式}{subsection.2.1}% 19
\BOOKMARK [3][-]{subsubsection.2.1.9}{2.1.9 Russellの逆説}{subsection.2.1}% 20
\BOOKMARK [3][-]{subsubsection.2.1.10}{2.1.10 正則性の公理}{subsection.2.1}% 21
\BOOKMARK [3][-]{subsubsection.2.1.11}{2.1.11 置換の公理}{subsection.2.1}% 22
\BOOKMARK [3][-]{subsubsection.2.1.12}{2.1.12 無限の公理}{subsection.2.1}% 23
\BOOKMARK [3][-]{subsubsection.2.1.13}{2.1.13 冪集合の公理}{subsection.2.1}% 24
\BOOKMARK [3][-]{subsubsection.2.1.14}{2.1.14 直積}{subsection.2.1}% 25
\BOOKMARK [3][-]{subsubsection.2.1.15}{2.1.15 対応}{subsection.2.1}% 26
\BOOKMARK [3][-]{subsubsection.2.1.16}{2.1.16 写像}{subsection.2.1}% 27
\BOOKMARK [3][-]{subsubsection.2.1.17}{2.1.17 一般化された直積}{subsection.2.1}% 28
\BOOKMARK [3][-]{subsubsection.2.1.18}{2.1.18 選択の公理}{subsection.2.1}% 29
\BOOKMARK [2][-]{subsection.2.2}{2.2 集合算}{section.2}% 30
\BOOKMARK [3][-]{subsubsection.2.2.1}{2.2.1 和集合}{subsection.2.2}% 31
\BOOKMARK [3][-]{subsubsection.2.2.2}{2.2.2 積集合}{subsection.2.2}% 32
\BOOKMARK [3][-]{subsubsection.2.2.3}{2.2.3 和集合と積集合の性質}{subsection.2.2}% 33
\BOOKMARK [3][-]{subsubsection.2.2.4}{2.2.4 差集合の性質}{subsection.2.2}% 34
\BOOKMARK [3][-]{subsubsection.2.2.5}{2.2.5 直積}{subsection.2.2}% 35
\BOOKMARK [3][-]{subsubsection.2.2.6}{2.2.6 直積の性質}{subsection.2.2}% 36
\BOOKMARK [3][-]{subsubsection.2.2.7}{2.2.7 対応}{subsection.2.2}% 37
\BOOKMARK [3][-]{subsubsection.2.2.8}{2.2.8 写像}{subsection.2.2}% 38
\BOOKMARK [2][-]{subsection.2.3}{2.3 写像}{section.2}% 39
\BOOKMARK [3][-]{subsubsection.2.3.1}{2.3.1 対応}{subsection.2.3}% 40
\BOOKMARK [3][-]{subsubsection.2.3.2}{2.3.2 写像}{subsection.2.3}% 41
\BOOKMARK [3][-]{subsubsection.2.3.3}{2.3.3 全単射}{subsection.2.3}% 42
\BOOKMARK [3][-]{subsubsection.2.3.4}{2.3.4 標準的単射}{subsection.2.3}% 43
\BOOKMARK [3][-]{subsubsection.2.3.5}{2.3.5 逆写像}{subsection.2.3}% 44
\BOOKMARK [3][-]{subsubsection.2.3.6}{2.3.6 合成写像}{subsection.2.3}% 45
\BOOKMARK [3][-]{subsubsection.2.3.7}{2.3.7 写像の始集合と終集合}{subsection.2.3}% 46
\BOOKMARK [3][-]{subsubsection.2.3.8}{2.3.8 集合族}{subsection.2.3}% 47
\BOOKMARK [3][-]{subsubsection.2.3.9}{2.3.9 n項演算}{subsection.2.3}% 48
\BOOKMARK [3][-]{subsubsection.2.3.10}{2.3.10 写像に関する一定理}{subsection.2.3}% 49
\BOOKMARK [2][-]{subsection.2.4}{2.4 商集合}{section.2}% 50
\BOOKMARK [3][-]{subsubsection.2.4.1}{2.4.1 関係}{subsection.2.4}% 51
\BOOKMARK [3][-]{subsubsection.2.4.2}{2.4.2 商集合}{subsection.2.4}% 52
\BOOKMARK [3][-]{subsubsection.2.4.3}{2.4.3 標準的全射}{subsection.2.4}% 53
\BOOKMARK [3][-]{subsubsection.2.4.4}{2.4.4 写像の分解}{subsection.2.4}% 54
\BOOKMARK [2][-]{subsection.2.5}{2.5 自然数}{section.2}% 55
\BOOKMARK [3][-]{subsubsection.2.5.1}{2.5.1 無限系譜}{subsection.2.5}% 56
\BOOKMARK [3][-]{subsubsection.2.5.2}{2.5.2 Peanoの公理}{subsection.2.5}% 57
\BOOKMARK [3][-]{subsubsection.2.5.3}{2.5.3 数学的帰納法の原理}{subsection.2.5}% 58
\BOOKMARK [3][-]{subsubsection.2.5.4}{2.5.4 Peano系と後継者}{subsection.2.5}% 59
\BOOKMARK [3][-]{subsubsection.2.5.5}{2.5.5 写像の再帰的定義}{subsection.2.5}% 60
\BOOKMARK [3][-]{subsubsection.2.5.6}{2.5.6 Peano系間の写像}{subsection.2.5}% 61
\BOOKMARK [3][-]{subsubsection.2.5.7}{2.5.7 加法}{subsection.2.5}% 62
\BOOKMARK [3][-]{subsubsection.2.5.8}{2.5.8 乗法}{subsection.2.5}% 63
\BOOKMARK [3][-]{subsubsection.2.5.9}{2.5.9 切片}{subsection.2.5}% 64
\BOOKMARK [3][-]{subsubsection.2.5.10}{2.5.10 元の列}{subsection.2.5}% 65
\BOOKMARK [2][-]{subsection.2.6}{2.6 数}{section.2}% 66
\BOOKMARK [3][-]{subsubsection.2.6.1}{2.6.1 同値関係R-}{subsection.2.6}% 67
\BOOKMARK [3][-]{subsubsection.2.6.2}{2.6.2 同値関係R-から誘導されるPeano系}{subsection.2.6}% 68
\BOOKMARK [3][-]{subsubsection.2.6.3}{2.6.3 同値関係R-で割った商集合の加法と乗法}{subsection.2.6}% 69
\BOOKMARK [3][-]{subsubsection.2.6.4}{2.6.4 同値関係R-で割った商集合の順序関係}{subsection.2.6}% 70
\BOOKMARK [3][-]{subsubsection.2.6.5}{2.6.5 整数}{subsection.2.6}% 71
\BOOKMARK [3][-]{subsubsection.2.6.6}{2.6.6 同値関係R/}{subsection.2.6}% 72
\BOOKMARK [3][-]{subsubsection.2.6.7}{2.6.7 同値関係R/から誘導されるPeano系}{subsection.2.6}% 73
\BOOKMARK [3][-]{subsubsection.2.6.8}{2.6.8 同値関係R/で割った商集合の加法と乗法}{subsection.2.6}% 74
\BOOKMARK [3][-]{subsubsection.2.6.9}{2.6.9 同値関係R/で割った商集合の順序関係}{subsection.2.6}% 75
\BOOKMARK [3][-]{subsubsection.2.6.10}{2.6.10 有理数}{subsection.2.6}% 76
\BOOKMARK [3][-]{subsubsection.2.6.11}{2.6.11 同値関係RC}{subsection.2.6}% 77
\BOOKMARK [3][-]{subsubsection.2.6.12}{2.6.12 同値関係RCから誘導されるPeano系}{subsection.2.6}% 78
\BOOKMARK [3][-]{subsubsection.2.6.13}{2.6.13 同値関係RCで割った商集合の加法と乗法}{subsection.2.6}% 79
\BOOKMARK [3][-]{subsubsection.2.6.14}{2.6.14 同値関係RCで割った商集合の順序関係}{subsection.2.6}% 80
\BOOKMARK [3][-]{subsubsection.2.6.15}{2.6.15 Dedekindの定理}{subsection.2.6}% 81
\BOOKMARK [3][-]{subsubsection.2.6.16}{2.6.16 実数}{subsection.2.6}% 82
\BOOKMARK [3][-]{subsubsection.2.6.17}{2.6.17 2次元数空間R2}{subsection.2.6}% 83
\BOOKMARK [3][-]{subsubsection.2.6.18}{2.6.18 2次元数空間R2から誘導されるPeano系}{subsection.2.6}% 84
\BOOKMARK [3][-]{subsubsection.2.6.19}{2.6.19 2次元数空間R2の加法と乗法}{subsection.2.6}% 85
\BOOKMARK [3][-]{subsubsection.2.6.20}{2.6.20 複素数}{subsection.2.6}% 86
\BOOKMARK [2][-]{subsection.2.7}{2.7 指示関数}{section.2}% 87
\BOOKMARK [3][-]{subsubsection.2.7.1}{2.7.1 指示関数}{subsection.2.7}% 88
\BOOKMARK [2][-]{subsection.2.8}{2.8 濃度}{section.2}% 89
\BOOKMARK [3][-]{subsubsection.2.8.1}{2.8.1 集合の対等}{subsection.2.8}% 90
\BOOKMARK [3][-]{subsubsection.2.8.2}{2.8.2 Bernsteinの定理}{subsection.2.8}% 91
\BOOKMARK [3][-]{subsubsection.2.8.3}{2.8.3 濃度}{subsection.2.8}% 92
\BOOKMARK [3][-]{subsubsection.2.8.4}{2.8.4 可算集合}{subsection.2.8}% 93
\BOOKMARK [3][-]{subsubsection.2.8.5}{2.8.5 たかだか可算である}{subsection.2.8}% 94
\BOOKMARK [3][-]{subsubsection.2.8.6}{2.8.6 冪集合の濃度}{subsection.2.8}% 95
\BOOKMARK [2][-]{subsection.2.9}{2.9 濃度の演算}{section.2}% 96
\BOOKMARK [3][-]{subsubsection.2.9.1}{2.9.1 濃度の演算}{subsection.2.9}% 97
\BOOKMARK [3][-]{subsubsection.2.9.2}{2.9.2 濃度のPeano系}{subsection.2.9}% 98
\BOOKMARK [1][-]{section.3}{第3部 順序集合論}{}% 99
\BOOKMARK [2][-]{subsection.3.1}{3.1 順序集合}{section.3}% 100
\BOOKMARK [3][-]{subsubsection.3.1.1}{3.1.1 順序集合}{subsection.3.1}% 101
\BOOKMARK [3][-]{subsubsection.3.1.2}{3.1.2 順序同型}{subsection.3.1}% 102
\BOOKMARK [2][-]{subsection.3.2}{3.2 整列集合}{section.3}% 103
\BOOKMARK [3][-]{subsubsection.3.2.1}{3.2.1 整列集合}{subsection.3.2}% 104
\BOOKMARK [3][-]{subsubsection.3.2.2}{3.2.2 切片}{subsection.3.2}% 105
\BOOKMARK [3][-]{subsubsection.3.2.3}{3.2.3 整列集合の比較定理}{subsection.3.2}% 106
\BOOKMARK [2][-]{subsection.3.3}{3.3 Zornの補題}{section.3}% 107
\BOOKMARK [3][-]{subsubsection.3.3.1}{3.3.1 整列集合に関する一命題}{subsection.3.3}% 108
\BOOKMARK [3][-]{subsubsection.3.3.2}{3.3.2 Zornの補題}{subsection.3.3}% 109
\BOOKMARK [3][-]{subsubsection.3.3.3}{3.3.3 Zermeloの整列定理}{subsection.3.3}% 110
