%このファイルは日本語文字を含みます.
\BOOKMARK [1][-]{section.1}{第1部 vector空間論}{}% 1
\BOOKMARK [2][-]{subsection.1.1}{1.1 vector空間}{section.1}% 2
\BOOKMARK [3][-]{subsubsection.1.1.1}{1.1.1 群}{subsection.1.1}% 3
\BOOKMARK [3][-]{subsubsection.1.1.2}{1.1.2 環}{subsection.1.1}% 4
\BOOKMARK [3][-]{subsubsection.1.1.3}{1.1.3 vector空間}{subsection.1.1}% 5
\BOOKMARK [3][-]{subsubsection.1.1.4}{1.1.4 部分空間}{subsection.1.1}% 6
\BOOKMARK [3][-]{subsubsection.1.1.5}{1.1.5 線形結合}{subsection.1.1}% 7
\BOOKMARK [3][-]{subsubsection.1.1.6}{1.1.6 基底}{subsection.1.1}% 8
\BOOKMARK [3][-]{subsubsection.1.1.7}{1.1.7 次元}{subsection.1.1}% 9
\BOOKMARK [3][-]{subsubsection.1.1.8}{1.1.8 基底の取りかえ}{subsection.1.1}% 10
\BOOKMARK [2][-]{subsection.1.2}{1.2 線形写像}{section.1}% 11
\BOOKMARK [3][-]{subsubsection.1.2.1}{1.2.1 線形写像}{subsection.1.2}% 12
\BOOKMARK [3][-]{subsubsection.1.2.2}{1.2.2 線形同型写像}{subsection.1.2}% 13
\BOOKMARK [3][-]{subsubsection.1.2.3}{1.2.3 線形写像全体の集合}{subsection.1.2}% 14
\BOOKMARK [3][-]{subsubsection.1.2.4}{1.2.4 線形写像の像と核}{subsection.1.2}% 15
\BOOKMARK [2][-]{subsection.1.3}{1.3 行列}{section.1}% 16
\BOOKMARK [3][-]{subsubsection.1.3.1}{1.3.1 行列}{subsection.1.3}% 17
\BOOKMARK [3][-]{subsubsection.1.3.2}{1.3.2 さまざまな行列}{subsection.1.3}% 18
\BOOKMARK [3][-]{subsubsection.1.3.3}{1.3.3 行列の跡}{subsection.1.3}% 19
\BOOKMARK [3][-]{subsubsection.1.3.4}{1.3.4 転置行列}{subsection.1.3}% 20
\BOOKMARK [3][-]{subsubsection.1.3.5}{1.3.5 随伴行列}{subsection.1.3}% 21
\BOOKMARK [3][-]{subsubsection.1.3.6}{1.3.6 行列の代数学的な構造}{subsection.1.3}% 22
\BOOKMARK [3][-]{subsubsection.1.3.7}{1.3.7 block行列}{subsection.1.3}% 23
\BOOKMARK [2][-]{subsection.1.4}{1.4 n-vector}{section.1}% 24
\BOOKMARK [3][-]{subsubsection.1.4.1}{1.4.1 n-vector}{subsection.1.4}% 25
\BOOKMARK [3][-]{subsubsection.1.4.2}{1.4.2 標準直交基底}{subsection.1.4}% 26
\BOOKMARK [3][-]{subsubsection.1.4.3}{1.4.3 形式的な内積}{subsection.1.4}% 27
\BOOKMARK [3][-]{subsubsection.1.4.4}{1.4.4 行列と線形写像}{subsection.1.4}% 28
\BOOKMARK [3][-]{subsubsection.1.4.5}{1.4.5 行列の階数}{subsection.1.4}% 29
\BOOKMARK [2][-]{subsection.1.5}{1.5 表現行列}{section.1}% 30
\BOOKMARK [3][-]{subsubsection.1.5.1}{1.5.1 線形写像}{subsection.1.5}% 31
\BOOKMARK [3][-]{subsubsection.1.5.2}{1.5.2 表現行列}{subsection.1.5}% 32
\BOOKMARK [3][-]{subsubsection.1.5.3}{1.5.3 基底変換行列}{subsection.1.5}% 33
\BOOKMARK [3][-]{subsubsection.1.5.4}{1.5.4 線形写像の行列表現}{subsection.1.5}% 34
\BOOKMARK [2][-]{subsection.1.6}{1.6 行列の対等}{section.1}% 35
\BOOKMARK [3][-]{subsubsection.1.6.1}{1.6.1 行列の対等}{subsection.1.6}% 36
\BOOKMARK [3][-]{subsubsection.1.6.2}{1.6.2 行列の対等と表現行列}{subsection.1.6}% 37
\BOOKMARK [3][-]{subsubsection.1.6.3}{1.6.3 行列の標準形}{subsection.1.6}% 38
\BOOKMARK [3][-]{subsubsection.1.6.4}{1.6.4 行列の相似と跡}{subsection.1.6}% 39
\BOOKMARK [2][-]{subsection.1.7}{1.7 行列の基本変形}{section.1}% 40
\BOOKMARK [3][-]{subsubsection.1.7.1}{1.7.1 基本行列}{subsection.1.7}% 41
\BOOKMARK [3][-]{subsubsection.1.7.2}{1.7.2 行列の基本変形}{subsection.1.7}% 42
\BOOKMARK [3][-]{subsubsection.1.7.3}{1.7.3 体K上の行列の標準形}{subsection.1.7}% 43
\BOOKMARK [2][-]{subsection.1.8}{1.8 掃き出し計算}{section.1}% 44
\BOOKMARK [3][-]{subsubsection.1.8.1}{1.8.1 掃き出し計算}{subsection.1.8}% 45
\BOOKMARK [3][-]{subsubsection.1.8.2}{1.8.2 block行列に関する二定理}{subsection.1.8}% 46
\BOOKMARK [3][-]{subsubsection.1.8.3}{1.8.3 連立1次方程式}{subsection.1.8}% 47
\BOOKMARK [3][-]{subsubsection.1.8.4}{1.8.4 同次な連立1次方程式}{subsection.1.8}% 48
\BOOKMARK [3][-]{subsubsection.1.8.5}{1.8.5 非同次な連立1次方程式}{subsection.1.8}% 49
\BOOKMARK [3][-]{subsubsection.1.8.6}{1.8.6 生成された部分空間の基底を求めよう}{subsection.1.8}% 50
\BOOKMARK [3][-]{subsubsection.1.8.7}{1.8.7 逆行列を求めよう}{subsection.1.8}% 51
\BOOKMARK [3][-]{subsubsection.1.8.8}{1.8.8 生成された部分空間と解空間}{subsection.1.8}% 52
\BOOKMARK [2][-]{subsection.1.9}{1.9 和空間と交空間}{section.1}% 53
\BOOKMARK [3][-]{subsubsection.1.9.1}{1.9.1 和空間}{subsection.1.9}% 54
\BOOKMARK [3][-]{subsubsection.1.9.2}{1.9.2 交空間}{subsection.1.9}% 55
\BOOKMARK [3][-]{subsubsection.1.9.3}{1.9.3 2つの部分空間たちの次元たちの和}{subsection.1.9}% 56
\BOOKMARK [3][-]{subsubsection.1.9.4}{1.9.4 和空間と交空間で便利そうな定理たち}{subsection.1.9}% 57
\BOOKMARK [2][-]{subsection.1.10}{1.10 置換}{section.1}% 58
\BOOKMARK [3][-]{subsubsection.1.10.1}{1.10.1 置換}{subsection.1.10}% 59
\BOOKMARK [3][-]{subsubsection.1.10.2}{1.10.2 差積}{subsection.1.10}% 60
\BOOKMARK [3][-]{subsubsection.1.10.3}{1.10.3 辞書式順序}{subsection.1.10}% 61
\BOOKMARK [2][-]{subsection.1.11}{1.11 行列式}{section.1}% 62
\BOOKMARK [3][-]{subsubsection.1.11.1}{1.11.1 行列式}{subsection.1.11}% 63
\BOOKMARK [3][-]{subsubsection.1.11.2}{1.11.2 Cramerの公式}{subsection.1.11}% 64
\BOOKMARK [3][-]{subsubsection.1.11.3}{1.11.3 2.1.11.3 余因子行列}{subsection.1.11}% 65
\BOOKMARK [3][-]{subsubsection.1.11.4}{1.11.4 小行列式}{subsection.1.11}% 66
\BOOKMARK [1][-]{section.2}{第2部 固有値問題}{}% 67
\BOOKMARK [2][-]{subsection.2.1}{2.1 直和空間}{section.2}% 68
\BOOKMARK [3][-]{subsubsection.2.1.1}{2.1.1 直和空間}{subsection.2.1}% 69
\BOOKMARK [3][-]{subsubsection.2.1.2}{2.1.2 射影子}{subsection.2.1}% 70
\BOOKMARK [3][-]{subsubsection.2.1.3}{2.1.3 補空間}{subsection.2.1}% 71
\BOOKMARK [2][-]{subsection.2.2}{2.2 固有値}{section.2}% 72
\BOOKMARK [3][-]{subsubsection.2.2.1}{2.2.1 固有値}{subsection.2.2}% 73
\BOOKMARK [3][-]{subsubsection.2.2.2}{2.2.2 固有多項式}{subsection.2.2}% 74
\BOOKMARK [3][-]{subsubsection.2.2.3}{2.2.3 行列の対角化}{subsection.2.2}% 75
\BOOKMARK [3][-]{subsubsection.2.2.4}{2.2.4 固有空間}{subsection.2.2}% 76
\BOOKMARK [2][-]{subsection.2.3}{2.3 Hamilton-Cayleyの定理}{section.2}% 77
\BOOKMARK [3][-]{subsubsection.2.3.1}{2.3.1 行列の三角化}{subsection.2.3}% 78
\BOOKMARK [3][-]{subsubsection.2.3.2}{2.3.2 Frobeniusの定理}{subsection.2.3}% 79
\BOOKMARK [3][-]{subsubsection.2.3.3}{2.3.3 Hamilton-Cayleyの定理}{subsection.2.3}% 80
\BOOKMARK [2][-]{subsection.2.4}{2.4 分解定理}{section.2}% 81
\BOOKMARK [3][-]{subsubsection.2.4.1}{2.4.1 広義の固有空間}{subsection.2.4}% 82
\BOOKMARK [3][-]{subsubsection.2.4.2}{2.4.2 f-不変}{subsection.2.4}% 83
\BOOKMARK [3][-]{subsubsection.2.4.3}{2.4.3 分解定理}{subsection.2.4}% 84
\BOOKMARK [2][-]{subsection.2.5}{2.5 冪零変換}{section.2}% 85
\BOOKMARK [3][-]{subsubsection.2.5.1}{2.5.1 冪零変換}{subsection.2.5}% 86
\BOOKMARK [3][-]{subsubsection.2.5.2}{2.5.2 Halmosの定理}{subsection.2.5}% 87
\BOOKMARK [3][-]{subsubsection.2.5.3}{2.5.3 冪零変換の不変系}{subsection.2.5}% 88
\BOOKMARK [3][-]{subsubsection.2.5.4}{2.5.4 冪零変換の表現行列}{subsection.2.5}% 89
\BOOKMARK [2][-]{subsection.2.6}{2.6 Jordan標準形}{section.2}% 90
\BOOKMARK [3][-]{subsubsection.2.6.1}{2.6.1 Jordan標準形}{subsection.2.6}% 91
\BOOKMARK [3][-]{subsubsection.2.6.2}{2.6.2 最小多項式}{subsection.2.6}% 92
\BOOKMARK [3][-]{subsubsection.2.6.3}{2.6.3 対角化条件}{subsection.2.6}% 93
\BOOKMARK [2][-]{subsection.2.7}{2.7 Jordan分解}{section.2}% 94
\BOOKMARK [3][-]{subsubsection.2.7.1}{2.7.1 Jordan分解}{subsection.2.7}% 95
\BOOKMARK [3][-]{subsubsection.2.7.2}{2.7.2 同時対角化}{subsection.2.7}% 96
\BOOKMARK [3][-]{subsubsection.2.7.3}{2.7.3 Jordan分解の一意性}{subsection.2.7}% 97
\BOOKMARK [2][-]{subsection.2.8}{2.8 単因子}{section.2}% 98
\BOOKMARK [3][-]{subsubsection.2.8.1}{2.8.1 X-行列}{subsection.2.8}% 99
\BOOKMARK [3][-]{subsubsection.2.8.2}{2.8.2 単因子標準形}{subsection.2.8}% 100
\BOOKMARK [3][-]{subsubsection.2.8.3}{2.8.3 特性X-行列}{subsection.2.8}% 101
\BOOKMARK [3][-]{subsubsection.2.8.4}{2.8.4 Jordan標準形}{subsection.2.8}% 102
\BOOKMARK [3][-]{subsubsection.2.8.5}{2.8.5 単因子と最小多項式}{subsection.2.8}% 103
\BOOKMARK [3][-]{subsubsection.2.8.6}{2.8.6 変換行列}{subsection.2.8}% 104
\BOOKMARK [1][-]{section.3}{第3部 内積空間論}{}% 105
\BOOKMARK [2][-]{subsection.3.1}{3.1 norm空間}{section.3}% 106
\BOOKMARK [3][-]{subsubsection.3.1.1}{3.1.1 norm空間}{subsection.3.1}% 107
\BOOKMARK [3][-]{subsubsection.3.1.2}{3.1.2 Minkowskiの不等式}{subsection.3.1}% 108
\BOOKMARK [3][-]{subsubsection.3.1.3}{3.1.3 norm空間の生成}{subsection.3.1}% 109
\BOOKMARK [3][-]{subsubsection.3.1.4}{3.1.4 Banach空間}{subsection.3.1}% 110
\BOOKMARK [2][-]{subsection.3.2}{3.2 n次元lp-norm空間}{section.3}% 111
\BOOKMARK [3][-]{subsubsection.3.2.1}{3.2.1 n次元lp-norm空間}{subsection.3.2}% 112
\BOOKMARK [3][-]{subsubsection.3.2.2}{3.2.2 一様norm空間}{subsection.3.2}% 113
\BOOKMARK [3][-]{subsubsection.3.2.3}{3.2.3 n次元lp-norm空間とBanach空間}{subsection.3.2}% 114
\BOOKMARK [2][-]{subsection.3.3}{3.3 数列空間}{section.3}% 115
\BOOKMARK [3][-]{subsubsection.3.3.1}{3.3.1 数列空間}{subsection.3.3}% 116
\BOOKMARK [3][-]{subsubsection.3.3.2}{3.3.2 lp-norm空間}{subsection.3.3}% 117
\BOOKMARK [3][-]{subsubsection.3.3.3}{3.3.3 lp-norm空間とBanach空間}{subsection.3.3}% 118
\BOOKMARK [2][-]{subsection.3.4}{3.4 双線形形式}{section.3}% 119
\BOOKMARK [3][-]{subsubsection.3.4.1}{3.4.1 双線形形式}{subsection.3.4}% 120
\BOOKMARK [3][-]{subsubsection.3.4.2}{3.4.2 双線形形式の表現行列}{subsection.3.4}% 121
\BOOKMARK [3][-]{subsubsection.3.4.3}{3.4.3 2次形式とHermite形式}{subsection.3.4}% 122
\BOOKMARK [3][-]{subsubsection.3.4.4}{3.4.4 2次形式とHermite形式の表現行列}{subsection.3.4}% 123
\BOOKMARK [3][-]{subsubsection.3.4.5}{3.4.5 直交基底}{subsection.3.4}% 124
\BOOKMARK [2][-]{subsection.3.5}{3.5 Sylvesterの慣性法則}{section.3}% 125
\BOOKMARK [3][-]{subsubsection.3.5.1}{3.5.1 Sylvesterの慣性法則}{subsection.3.5}% 126
\BOOKMARK [2][-]{subsection.3.6}{3.6 内積空間}{section.3}% 127
\BOOKMARK [3][-]{subsubsection.3.6.1}{3.6.1 内積空間}{subsection.3.6}% 128
\BOOKMARK [3][-]{subsubsection.3.6.2}{3.6.2 正規直交基底}{subsection.3.6}% 129
\BOOKMARK [3][-]{subsubsection.3.6.3}{3.6.3 Pythagorasの定理}{subsection.3.6}% 130
\BOOKMARK [3][-]{subsubsection.3.6.4}{3.6.4 内積空間と標準内積}{subsection.3.6}% 131
\BOOKMARK [3][-]{subsubsection.3.6.5}{3.6.5 norm空間から誘導される内積空間}{subsection.3.6}% 132
\BOOKMARK [2][-]{subsection.3.7}{3.7 等長写像}{section.3}% 133
\BOOKMARK [3][-]{subsubsection.3.7.1}{3.7.1 等長写像}{subsection.3.7}% 134
\BOOKMARK [3][-]{subsubsection.3.7.2}{3.7.2 直交空間}{subsection.3.7}% 135
\BOOKMARK [3][-]{subsubsection.3.7.3}{3.7.3 正射影}{subsection.3.7}% 136
\BOOKMARK [2][-]{subsection.3.8}{3.8 等長変換}{section.3}% 137
\BOOKMARK [3][-]{subsubsection.3.8.1}{3.8.1 等長変換}{subsection.3.8}% 138
\BOOKMARK [3][-]{subsubsection.3.8.2}{3.8.2 随伴変換}{subsection.3.8}% 139
\BOOKMARK [3][-]{subsubsection.3.8.3}{3.8.3 Hermite変換}{subsection.3.8}% 140
\BOOKMARK [3][-]{subsubsection.3.8.4}{3.8.4 正規変換}{subsection.3.8}% 141
\BOOKMARK [2][-]{subsection.3.9}{3.9 spectrum分解}{section.3}% 142
\BOOKMARK [3][-]{subsubsection.3.9.1}{3.9.1 Toeplitzの定理}{subsection.3.9}% 143
\BOOKMARK [3][-]{subsubsection.3.9.2}{3.9.2 内積空間と対角化}{subsection.3.9}% 144
\BOOKMARK [3][-]{subsubsection.3.9.3}{3.9.3 spectrum分解}{subsection.3.9}% 145
\BOOKMARK [3][-]{subsubsection.3.9.4}{3.9.4 正規変換と正射影子}{subsection.3.9}% 146
\BOOKMARK [2][-]{subsection.3.10}{3.10 Hermite双線形形式の標準形}{section.3}% 147
\BOOKMARK [3][-]{subsubsection.3.10.1}{3.10.1 共役双線形形式から誘導される線形写像}{subsection.3.10}% 148
\BOOKMARK [3][-]{subsubsection.3.10.2}{3.10.2 Hermite双線形形式の標準形}{subsection.3.10}% 149
\BOOKMARK [3][-]{subsubsection.3.10.3}{3.10.3 Hermite双線形形式と行列式}{subsection.3.10}% 150
\BOOKMARK [3][-]{subsubsection.3.10.4}{3.10.4 Hermite双線形形式の符号に関する定理}{subsection.3.10}% 151
\BOOKMARK [2][-]{subsection.3.11}{3.11 特異値分解}{section.3}% 152
\BOOKMARK [3][-]{subsubsection.3.11.1}{3.11.1 線形同型写像の極分解}{subsection.3.11}% 153
\BOOKMARK [3][-]{subsubsection.3.11.2}{3.11.2 線形同型写像の極分解}{subsection.3.11}% 154
\BOOKMARK [3][-]{subsubsection.3.11.3}{3.11.3 特異値分解}{subsection.3.11}% 155
\BOOKMARK [1][-]{section.4}{第4部 tensor空間論}{}% 156
\BOOKMARK [2][-]{subsection.4.1}{4.1 商vector空間}{section.4}% 157
\BOOKMARK [3][-]{subsubsection.4.1.1}{4.1.1 商vector空間}{subsection.4.1}% 158
\BOOKMARK [2][-]{subsection.4.2}{4.2 双対空間}{section.4}% 159
\BOOKMARK [3][-]{subsubsection.4.2.1}{4.2.1 線形写像の主な定理たち}{subsection.4.2}% 160
\BOOKMARK [3][-]{subsubsection.4.2.2}{4.2.2 線形環}{subsection.4.2}% 161
\BOOKMARK [3][-]{subsubsection.4.2.3}{4.2.3 双対空間}{subsection.4.2}% 162
\BOOKMARK [3][-]{subsubsection.4.2.4}{4.2.4 再双対空間}{subsection.4.2}% 163
\BOOKMARK [3][-]{subsubsection.4.2.5}{4.2.5 直交空間}{subsection.4.2}% 164
\BOOKMARK [2][-]{subsection.4.3}{4.3 双対性を表す内積}{section.4}% 165
\BOOKMARK [3][-]{subsubsection.4.3.1}{4.3.1 形式的な双線形形式}{subsection.4.3}% 166
\BOOKMARK [3][-]{subsubsection.4.3.2}{4.3.2 非退化な双線形形式}{subsection.4.3}% 167
\BOOKMARK [3][-]{subsubsection.4.3.3}{4.3.3 双対性を表す内積}{subsection.4.3}% 168
\BOOKMARK [2][-]{subsection.4.4}{4.4 商vector空間と双対空間}{section.4}% 169
\BOOKMARK [3][-]{subsubsection.4.4.1}{4.4.1 商vector空間からの自然な線形写像}{subsection.4.4}% 170
\BOOKMARK [3][-]{subsubsection.4.4.2}{4.4.2 商vector空間からの自然な線形写像を誘導する写像}{subsection.4.4}% 171
\BOOKMARK [3][-]{subsubsection.4.4.3}{4.4.3 双対写像}{subsection.4.4}% 172
\BOOKMARK [2][-]{subsection.4.5}{4.5 tensor積}{section.4}% 173
\BOOKMARK [3][-]{subsubsection.4.5.1}{4.5.1 双線形写像}{subsection.4.5}% 174
\BOOKMARK [3][-]{subsubsection.4.5.2}{4.5.2 tensor積}{subsection.4.5}% 175
\BOOKMARK [3][-]{subsubsection.4.5.3}{4.5.3 双対空間の線形形式の像倍}{subsection.4.5}% 176
\BOOKMARK [3][-]{subsubsection.4.5.4}{4.5.4 線形写像のtensor積}{subsection.4.5}% 177
\BOOKMARK [3][-]{subsubsection.4.5.5}{4.5.5 tensor積と線形同型}{subsection.4.5}% 178
\BOOKMARK [2][-]{subsection.4.6}{4.6 tensor空間}{section.4}% 179
\BOOKMARK [3][-]{subsubsection.4.6.1}{4.6.1 tensor積の結合法則}{subsection.4.6}% 180
\BOOKMARK [3][-]{subsubsection.4.6.2}{4.6.2 重線形写像}{subsection.4.6}% 181
\BOOKMARK [3][-]{subsubsection.4.6.3}{4.6.3 tensor空間}{subsection.4.6}% 182
\BOOKMARK [2][-]{subsection.4.7}{4.7 Kronecker積}{section.4}% 183
\BOOKMARK [3][-]{subsubsection.4.7.1}{4.7.1 Kronecker積}{subsection.4.7}% 184
\BOOKMARK [3][-]{subsubsection.4.7.2}{4.7.2 tensor積とKronecker積}{subsection.4.7}% 185
\BOOKMARK [2][-]{subsection.4.8}{4.8 反変tensor空間}{section.4}% 186
\BOOKMARK [3][-]{subsubsection.4.8.1}{4.8.1 p階反変q階共変tensor空間}{subsection.4.8}% 187
\BOOKMARK [3][-]{subsubsection.4.8.2}{4.8.2 対称tensorと交代tensor}{subsection.4.8}% 188
\BOOKMARK [3][-]{subsubsection.4.8.3}{4.8.3 対称化作用素と交代化作用素}{subsection.4.8}% 189
\BOOKMARK [2][-]{subsection.4.9}{4.9 直積vector空間}{section.4}% 190
\BOOKMARK [3][-]{subsubsection.4.9.1}{4.9.1 直積vector空間}{subsection.4.9}% 191
\BOOKMARK [3][-]{subsubsection.4.9.2}{4.9.2 一般化された直積vector空間}{subsection.4.9}% 192
