%このファイルは日本語文字を含みます.
\BOOKMARK [1][-]{section.1}{第1部 群論}{}% 1
\BOOKMARK [2][-]{subsection.1.1}{1.1 群}{section.1}% 2
\BOOKMARK [3][-]{subsubsection.1.1.1}{1.1.1 群}{subsection.1.1}% 3
\BOOKMARK [3][-]{subsubsection.1.1.2}{1.1.2 部分群}{subsection.1.1}% 4
\BOOKMARK [2][-]{subsection.1.2}{1.2 正規部分群}{section.1}% 5
\BOOKMARK [3][-]{subsubsection.1.2.1}{1.2.1 剰余類}{subsection.1.2}% 6
\BOOKMARK [3][-]{subsubsection.1.2.2}{1.2.2 正規部分群}{subsection.1.2}% 7
\BOOKMARK [3][-]{subsubsection.1.2.3}{1.2.3 さまざまな正規部分群}{subsection.1.2}% 8
\BOOKMARK [3][-]{subsubsection.1.2.4}{1.2.4 商群}{subsection.1.2}% 9
\BOOKMARK [2][-]{subsection.1.3}{1.3 群の位数}{section.1}% 10
\BOOKMARK [3][-]{subsubsection.1.3.1}{1.3.1 群論に関するLagrangeの定理}{subsection.1.3}% 11
\BOOKMARK [3][-]{subsubsection.1.3.2}{1.3.2 群の位数に関する積の法則}{subsection.1.3}% 12
\BOOKMARK [2][-]{subsection.1.4}{1.4 群準同型写像}{section.1}% 13
\BOOKMARK [3][-]{subsubsection.1.4.1}{1.4.1 群準同型写像}{subsection.1.4}% 14
\BOOKMARK [3][-]{subsubsection.1.4.2}{1.4.2 群同型写像}{subsection.1.4}% 15
\BOOKMARK [3][-]{subsubsection.1.4.3}{1.4.3 核}{subsection.1.4}% 16
\BOOKMARK [3][-]{subsubsection.1.4.4}{1.4.4 自然な全射群準同型写像}{subsection.1.4}% 17
\BOOKMARK [3][-]{subsubsection.1.4.5}{1.4.5 群準同型定理}{subsection.1.4}% 18
\BOOKMARK [3][-]{subsubsection.1.4.6}{1.4.6 群同型定理}{subsection.1.4}% 19
\BOOKMARK [2][-]{subsection.1.5}{1.5 共役類}{section.1}% 20
\BOOKMARK [3][-]{subsubsection.1.5.1}{1.5.1 自己群同型写像}{subsection.1.5}% 21
\BOOKMARK [3][-]{subsubsection.1.5.2}{1.5.2 共役類}{subsection.1.5}% 22
\BOOKMARK [3][-]{subsubsection.1.5.3}{1.5.3 類等式}{subsection.1.5}% 23
\BOOKMARK [3][-]{subsubsection.1.5.4}{1.5.4 共役部分群}{subsection.1.5}% 24
\BOOKMARK [1][-]{section.3}{第3部 環論}{}% 25
\BOOKMARK [2][-]{subsection.3.1}{3.1 環}{section.3}% 26
\BOOKMARK [3][-]{subsubsection.3.1.1}{3.1.1 環}{subsection.3.1}% 27
\BOOKMARK [3][-]{subsubsection.3.1.2}{3.1.2 環の例}{subsection.3.1}% 28
\BOOKMARK [3][-]{subsubsection.3.1.3}{3.1.3 二項定理}{subsection.3.1}% 29
\BOOKMARK [3][-]{subsubsection.3.1.4}{3.1.4 整域}{subsection.3.1}% 30
\BOOKMARK [3][-]{subsubsection.3.1.5}{3.1.5 部分環}{subsection.3.1}% 31
\BOOKMARK [2][-]{subsection.3.2}{3.2 ideal}{section.3}% 32
\BOOKMARK [3][-]{subsubsection.3.2.1}{3.2.1 ideal}{subsection.3.2}% 33
\BOOKMARK [3][-]{subsubsection.3.2.2}{3.2.2 商環}{subsection.3.2}% 34
\BOOKMARK [2][-]{subsection.3.3}{3.3 環準同型写像}{section.3}% 35
\BOOKMARK [3][-]{subsubsection.3.3.1}{3.3.1 環準同型写像}{subsection.3.3}% 36
\BOOKMARK [3][-]{subsubsection.3.3.2}{3.3.2 自然な全射環準同型写像}{subsection.3.3}% 37
\BOOKMARK [3][-]{subsubsection.3.3.3}{3.3.3 環準同型定理}{subsection.3.3}% 38
\BOOKMARK [3][-]{subsubsection.3.3.4}{3.3.4 環同型定理}{subsection.3.3}% 39
\BOOKMARK [2][-]{subsection.3.4}{3.4 極大idealと商の体}{section.3}% 40
\BOOKMARK [3][-]{subsubsection.3.4.1}{3.4.1 極大ideal}{subsection.3.4}% 41
\BOOKMARK [3][-]{subsubsection.3.4.2}{3.4.2 素ideal}{subsection.3.4}% 42
\BOOKMARK [3][-]{subsubsection.3.4.3}{3.4.3 商の体}{subsection.3.4}% 43
\BOOKMARK [3][-]{subsubsection.3.4.4}{3.4.4 整域からの埋め込みによる体の構成}{subsection.3.4}% 44
\BOOKMARK [2][-]{subsection.3.5}{3.5 多項式環}{section.3}% 45
\BOOKMARK [3][-]{subsubsection.3.5.1}{3.5.1 非負整数全体の集合から零環でない可換環への写像}{subsection.3.5}% 46
\BOOKMARK [3][-]{subsubsection.3.5.2}{3.5.2 多項式環}{subsection.3.5}% 47
\BOOKMARK [3][-]{subsubsection.3.5.3}{3.5.3 次数}{subsection.3.5}% 48
\BOOKMARK [3][-]{subsubsection.3.5.4}{3.5.4 多項式写像}{subsection.3.5}% 49
\BOOKMARK [3][-]{subsubsection.3.5.5}{3.5.5 除法の定理}{subsection.3.5}% 50
\BOOKMARK [2][-]{subsection.3.6}{3.6 素元}{section.3}% 51
\BOOKMARK [3][-]{subsubsection.3.6.1}{3.6.1 割り切れる}{subsection.3.6}% 52
\BOOKMARK [3][-]{subsubsection.3.6.2}{3.6.2 素元}{subsection.3.6}% 53
\BOOKMARK [3][-]{subsubsection.3.6.3}{3.6.3 Euclid整域}{subsection.3.6}% 54
\BOOKMARK [3][-]{subsubsection.3.6.4}{3.6.4 既約多項式}{subsection.3.6}% 55
\BOOKMARK [2][-]{subsection.3.7}{3.7 代数的閉体と一意分解整域}{section.3}% 56
\BOOKMARK [3][-]{subsubsection.3.7.1}{3.7.1 因数定理}{subsection.3.7}% 57
\BOOKMARK [3][-]{subsubsection.3.7.2}{3.7.2 代数的閉体}{subsection.3.7}% 58
\BOOKMARK [3][-]{subsubsection.3.7.3}{3.7.3 一意分解整域}{subsection.3.7}% 59
\BOOKMARK [3][-]{subsubsection.3.7.4}{3.7.4 原始多項式}{subsection.3.7}% 60
