%このファイルは日本語文字を含みます.
\BOOKMARK [1][-]{section.1}{第1部 実数論}{}% 1
\BOOKMARK [2][-]{subsection.1.1}{1.1 実数}{section.1}% 2
\BOOKMARK [3][-]{subsubsection.1.1.1}{1.1.1 群}{subsection.1.1}% 3
\BOOKMARK [3][-]{subsubsection.1.1.2}{1.1.2 環}{subsection.1.1}% 4
\BOOKMARK [3][-]{subsubsection.1.1.3}{1.1.3 順序体}{subsection.1.1}% 5
\BOOKMARK [3][-]{subsubsection.1.1.4}{1.1.4 最大元と最小元}{subsection.1.1}% 6
\BOOKMARK [3][-]{subsubsection.1.1.5}{1.1.5 絶対値}{subsection.1.1}% 7
\BOOKMARK [3][-]{subsubsection.1.1.6}{1.1.6 上界と下界}{subsection.1.1}% 8
\BOOKMARK [3][-]{subsubsection.1.1.7}{1.1.7 上限性質}{subsection.1.1}% 9
\BOOKMARK [3][-]{subsubsection.1.1.8}{1.1.8 Dedekindの切断}{subsection.1.1}% 10
\BOOKMARK [3][-]{subsubsection.1.1.9}{1.1.9 自然数}{subsection.1.1}% 11
\BOOKMARK [3][-]{subsubsection.1.1.10}{1.1.10 Archimedesの性質}{subsection.1.1}% 12
\BOOKMARK [3][-]{subsubsection.1.1.11}{1.1.11 n乗根}{subsection.1.1}% 13
\BOOKMARK [2][-]{subsection.1.2}{1.2 行列 複素数}{section.1}% 14
\BOOKMARK [3][-]{subsubsection.1.2.1}{1.2.1 vector空間}{subsection.1.2}% 15
\BOOKMARK [3][-]{subsubsection.1.2.2}{1.2.2 体K上のn-vector}{subsection.1.2}% 16
\BOOKMARK [3][-]{subsubsection.1.2.3}{1.2.3 座標}{subsection.1.2}% 17
\BOOKMARK [3][-]{subsubsection.1.2.4}{1.2.4 行列}{subsection.1.2}% 18
\BOOKMARK [3][-]{subsubsection.1.2.5}{1.2.5 複素数}{subsection.1.2}% 19
\BOOKMARK [2][-]{subsection.1.3}{1.3 近傍}{section.1}% 20
\BOOKMARK [3][-]{subsubsection.1.3.1}{1.3.1 補完数直線}{subsection.1.3}% 21
\BOOKMARK [3][-]{subsubsection.1.3.2}{1.3.2 拡張n次元数空間}{subsection.1.3}% 22
\BOOKMARK [3][-]{subsubsection.1.3.3}{1.3.3 近傍}{subsection.1.3}% 23
\BOOKMARK [3][-]{subsubsection.1.3.4}{1.3.4 除外近傍}{subsection.1.3}% 24
\BOOKMARK [3][-]{subsubsection.1.3.5}{1.3.5 有界}{subsection.1.3}% 25
\BOOKMARK [3][-]{subsubsection.1.3.6}{1.3.6 開核}{subsection.1.3}% 26
\BOOKMARK [3][-]{subsubsection.1.3.7}{1.3.7 閉包}{subsection.1.3}% 27
\BOOKMARK [3][-]{subsubsection.1.3.8}{1.3.8 開集合と閉集合}{subsection.1.3}% 28
\BOOKMARK [2][-]{subsection.1.4}{1.4 点列}{section.1}% 29
\BOOKMARK [3][-]{subsubsection.1.4.1}{1.4.1 点列}{subsection.1.4}% 30
\BOOKMARK [3][-]{subsubsection.1.4.2}{1.4.2 点列の極限}{subsection.1.4}% 31
\BOOKMARK [3][-]{subsubsection.1.4.3}{1.4.3 点列の極限の収束}{subsection.1.4}% 32
\BOOKMARK [3][-]{subsubsection.1.4.4}{1.4.4 部分列}{subsection.1.4}% 33
\BOOKMARK [3][-]{subsubsection.1.4.5}{1.4.5 点列の極限と不等式}{subsection.1.4}% 34
\BOOKMARK [3][-]{subsubsection.1.4.6}{1.4.6 集合Qの稠密性}{subsection.1.4}% 35
\BOOKMARK [3][-]{subsubsection.1.4.7}{1.4.7 実数の濃度}{subsection.1.4}% 36
\BOOKMARK [2][-]{subsection.1.5}{1.5 連続の公理}{section.1}% 37
\BOOKMARK [3][-]{subsubsection.1.5.1}{1.5.1 Cauchy列}{subsection.1.5}% 38
\BOOKMARK [3][-]{subsubsection.1.5.2}{1.5.2 区間縮小法}{subsection.1.5}% 39
\BOOKMARK [3][-]{subsubsection.1.5.3}{1.5.3 Bolzano-Weierstrassの定理}{subsection.1.5}% 40
\BOOKMARK [3][-]{subsubsection.1.5.4}{1.5.4 Cauchyの収束条件}{subsection.1.5}% 41
\BOOKMARK [3][-]{subsubsection.1.5.5}{1.5.5 連続の公理}{subsection.1.5}% 42
\BOOKMARK [2][-]{subsection.1.6}{1.6 上極限と下極限}{section.1}% 43
\BOOKMARK [3][-]{subsubsection.1.6.1}{1.6.1 上極限と下極限}{subsection.1.6}% 44
\BOOKMARK [3][-]{subsubsection.1.6.2}{1.6.2 上極限と下極限と極限}{subsection.1.6}% 45
\BOOKMARK [3][-]{subsubsection.1.6.3}{1.6.3 上極限と下極限の不等式}{subsection.1.6}% 46
\BOOKMARK [2][-]{subsection.1.7}{1.7 compact}{section.1}% 47
\BOOKMARK [3][-]{subsubsection.1.7.1}{1.7.1 compact}{subsection.1.7}% 48
\BOOKMARK [3][-]{subsubsection.1.7.2}{1.7.2 点列compact}{subsection.1.7}% 49
\BOOKMARK [3][-]{subsubsection.1.7.3}{1.7.3 全有界}{subsection.1.7}% 50
\BOOKMARK [3][-]{subsubsection.1.7.4}{1.7.4 Heine-Borelの被覆定理}{subsection.1.7}% 51
\BOOKMARK [2][-]{subsection.1.8}{1.8 級数}{section.1}% 52
\BOOKMARK [3][-]{subsubsection.1.8.1}{1.8.1 級数}{subsection.1.8}% 53
\BOOKMARK [3][-]{subsubsection.1.8.2}{1.8.2 級数に関するCauchyの収束条件}{subsection.1.8}% 54
\BOOKMARK [3][-]{subsubsection.1.8.3}{1.8.3 正項級数}{subsection.1.8}% 55
\BOOKMARK [3][-]{subsubsection.1.8.4}{1.8.4 正項級数の収束条件}{subsection.1.8}% 56
\BOOKMARK [3][-]{subsubsection.1.8.5}{1.8.5 絶対収束と条件収束}{subsection.1.8}% 57
\BOOKMARK [3][-]{subsubsection.1.8.6}{1.8.6 Mertensの定理}{subsection.1.8}% 58
\BOOKMARK [3][-]{subsubsection.1.8.7}{1.8.7 項の順序を変えた級数}{subsection.1.8}% 59
\BOOKMARK [3][-]{subsubsection.1.8.8}{1.8.8 Abelの変形}{subsection.1.8}% 60
\BOOKMARK [2][-]{subsection.1.9}{1.9 二重級数}{section.1}% 61
\BOOKMARK [3][-]{subsubsection.1.9.1}{1.9.1 二重級数}{subsection.1.9}% 62
\BOOKMARK [3][-]{subsubsection.1.9.2}{1.9.2 非負項二重数列から誘導される二重級数の和}{subsection.1.9}% 63
\BOOKMARK [3][-]{subsubsection.1.9.3}{1.9.3 二重数列から誘導される二重級数の和}{subsection.1.9}% 64
\BOOKMARK [3][-]{subsubsection.1.9.4}{1.9.4 一列化}{subsection.1.9}% 65
\BOOKMARK [2][-]{subsection.1.10}{1.10 関数の極限}{section.1}% 66
\BOOKMARK [3][-]{subsubsection.1.10.1}{1.10.1 関数の極限}{subsection.1.10}% 67
\BOOKMARK [3][-]{subsubsection.1.10.2}{1.10.2 関数の極限の収束}{subsection.1.10}% 68
\BOOKMARK [3][-]{subsubsection.1.10.3}{1.10.3 関数の極限と不等式}{subsection.1.10}% 69
\BOOKMARK [3][-]{subsubsection.1.10.4}{1.10.4 関数の極限に関するCauchyの収束条件}{subsection.1.10}% 70
\BOOKMARK [3][-]{subsubsection.1.10.5}{1.10.5 右極限と左極限}{subsection.1.10}% 71
\BOOKMARK [3][-]{subsubsection.1.10.6}{1.10.6 連続}{subsection.1.10}% 72
\BOOKMARK [2][-]{subsection.1.11}{1.11 関数列}{section.1}% 73
\BOOKMARK [3][-]{subsubsection.1.11.1}{1.11.1 関数列}{subsection.1.11}% 74
\BOOKMARK [3][-]{subsubsection.1.11.2}{1.11.2 各点収束}{subsection.1.11}% 75
\BOOKMARK [3][-]{subsubsection.1.11.3}{1.11.3 一様収束}{subsection.1.11}% 76
\BOOKMARK [3][-]{subsubsection.1.11.4}{1.11.4 広義一様収束}{subsection.1.11}% 77
\BOOKMARK [3][-]{subsubsection.1.11.5}{1.11.5 関数族}{subsection.1.11}% 78
\BOOKMARK [3][-]{subsubsection.1.11.6}{1.11.6 Cauchyの一様収束条件}{subsection.1.11}% 79
\BOOKMARK [3][-]{subsubsection.1.11.7}{1.11.7 優級数定理}{subsection.1.11}% 80
\BOOKMARK [3][-]{subsubsection.1.11.8}{1.11.8 極限の順序交換}{subsection.1.11}% 81
\BOOKMARK [3][-]{subsubsection.1.11.9}{1.11.9 Diniの定理}{subsection.1.11}% 82
\BOOKMARK [3][-]{subsubsection.1.11.10}{1.11.10 関数列とAbel変形}{subsection.1.11}% 83
\BOOKMARK [2][-]{subsection.1.12}{1.12 中間値の定理}{section.1}% 84
\BOOKMARK [3][-]{subsubsection.1.12.1}{1.12.1 最大値最小値の定理}{subsection.1.12}% 85
\BOOKMARK [3][-]{subsubsection.1.12.2}{1.12.2 連結}{subsection.1.12}% 86
\BOOKMARK [3][-]{subsubsection.1.12.3}{1.12.3 中間値の定理}{subsection.1.12}% 87
\BOOKMARK [3][-]{subsubsection.1.12.4}{1.12.4 弧状連結}{subsection.1.12}% 88
\BOOKMARK [2][-]{subsection.1.13}{1.13 整級数}{section.1}% 89
\BOOKMARK [3][-]{subsubsection.1.13.1}{1.13.1 整級数}{subsection.1.13}% 90
\BOOKMARK [3][-]{subsubsection.1.13.2}{1.13.2 収束円板}{subsection.1.13}% 91
\BOOKMARK [3][-]{subsubsection.1.13.3}{1.13.3 整級数における収束判定法}{subsection.1.13}% 92
\BOOKMARK [3][-]{subsubsection.1.13.4}{1.13.4 整級数と広義一様収束}{subsection.1.13}% 93
\BOOKMARK [3][-]{subsubsection.1.13.5}{1.13.5 Abelの連続性定理}{subsection.1.13}% 94
\BOOKMARK [1][-]{section.2}{第2部 微分法}{}% 95
\BOOKMARK [2][-]{subsection.2.1}{2.1 関数RD\(f\)Rn の微分}{section.2}% 96
\BOOKMARK [3][-]{subsubsection.2.1.1}{2.1.1 関数RD\(f\)Rn の微分}{subsection.2.1}% 97
\BOOKMARK [3][-]{subsubsection.2.1.2}{2.1.2 関数RD\(f\)Rn の高階微分}{subsection.2.1}% 98
\BOOKMARK [2][-]{subsection.2.2}{2.2 平均値の定理}{section.2}% 99
\BOOKMARK [3][-]{subsubsection.2.2.1}{2.2.1 極値}{subsection.2.2}% 100
\BOOKMARK [3][-]{subsubsection.2.2.2}{2.2.2 Rolleの定理}{subsection.2.2}% 101
\BOOKMARK [3][-]{subsubsection.2.2.3}{2.2.3 平均値の定理}{subsection.2.2}% 102
\BOOKMARK [3][-]{subsubsection.2.2.4}{2.2.4 微分と関数fの増減}{subsection.2.2}% 103
\BOOKMARK [3][-]{subsubsection.2.2.5}{2.2.5 Cauchyの平均値の定理}{subsection.2.2}% 104
\BOOKMARK [3][-]{subsubsection.2.2.6}{2.2.6 Taylor展開}{subsection.2.2}% 105
\BOOKMARK [3][-]{subsubsection.2.2.7}{2.2.7 凸関数}{subsection.2.2}% 106
\BOOKMARK [3][-]{subsubsection.2.2.8}{2.2.8 l'Hopitalの定理}{subsection.2.2}% 107
\BOOKMARK [2][-]{subsection.2.3}{2.3 偏微分}{section.2}% 108
\BOOKMARK [3][-]{subsubsection.2.3.1}{2.3.1 方向微分}{subsection.2.3}% 109
\BOOKMARK [3][-]{subsubsection.2.3.2}{2.3.2 偏微分}{subsection.2.3}% 110
\BOOKMARK [2][-]{subsection.2.4}{2.4 Landauの記号}{section.2}% 111
\BOOKMARK [3][-]{subsubsection.2.4.1}{2.4.1 Landauの記号}{subsection.2.4}% 112
\BOOKMARK [3][-]{subsubsection.2.4.2}{2.4.2 その関数fはその点aにおいてその関数gと同次である}{subsection.2.4}% 113
\BOOKMARK [3][-]{subsubsection.2.4.3}{2.4.3 漸近展開}{subsection.2.4}% 114
\BOOKMARK [3][-]{subsubsection.2.4.4}{2.4.4 漸近線}{subsection.2.4}% 115
\BOOKMARK [2][-]{subsection.2.5}{2.5 勾配}{section.2}% 116
\BOOKMARK [3][-]{subsubsection.2.5.1}{2.5.1 勾配}{subsection.2.5}% 117
\BOOKMARK [2][-]{subsection.2.6}{2.6 Jacobi行列}{section.2}% 118
\BOOKMARK [3][-]{subsubsection.2.6.1}{2.6.1 Jacobi行列}{subsection.2.6}% 119
\BOOKMARK [3][-]{subsubsection.2.6.2}{2.6.2 有限増分の定理}{subsection.2.6}% 120
\BOOKMARK [3][-]{subsubsection.2.6.3}{2.6.3 逆関数定理}{subsection.2.6}% 121
\BOOKMARK [2][-]{subsection.2.7}{2.7 Taylorの定理}{section.2}% 122
\BOOKMARK [3][-]{subsubsection.2.7.1}{2.7.1 m次微分}{subsection.2.7}% 123
\BOOKMARK [3][-]{subsubsection.2.7.2}{2.7.2 Taylorの定理}{subsection.2.7}% 124
\BOOKMARK [3][-]{subsubsection.2.7.3}{2.7.3 1次微分}{subsection.2.7}% 125
\BOOKMARK [3][-]{subsubsection.2.7.4}{2.7.4 Hesse行列}{subsection.2.7}% 126
\BOOKMARK [3][-]{subsubsection.2.7.5}{2.7.5 2次微分}{subsection.2.7}% 127
\BOOKMARK [2][-]{subsection.2.8}{2.8 複素微分}{section.2}% 128
\BOOKMARK [3][-]{subsubsection.2.8.1}{2.8.1 複素微分}{subsection.2.8}% 129
\BOOKMARK [3][-]{subsubsection.2.8.2}{2.8.2 複素微分と整級数}{subsection.2.8}% 130
\BOOKMARK [1][-]{section.3}{第3部 関数論}{}% 131
\BOOKMARK [2][-]{subsection.3.1}{3.1 初等関数}{section.3}% 132
\BOOKMARK [3][-]{subsubsection.3.1.1}{3.1.1 自然な指数関数}{subsection.3.1}% 133
\BOOKMARK [3][-]{subsubsection.3.1.2}{3.1.2 三角関数}{subsection.3.1}% 134
\BOOKMARK [3][-]{subsubsection.3.1.3}{3.1.3 双曲線関数}{subsection.3.1}% 135
\BOOKMARK [3][-]{subsubsection.3.1.4}{3.1.4 自然な対数関数}{subsection.3.1}% 136
\BOOKMARK [3][-]{subsubsection.3.1.5}{3.1.5 逆三角関数}{subsection.3.1}% 137
\BOOKMARK [3][-]{subsubsection.3.1.6}{3.1.6 逆双曲線関数}{subsection.3.1}% 138
\BOOKMARK [2][-]{subsection.3.2}{3.2 極形式}{section.3}% 139
\BOOKMARK [3][-]{subsubsection.3.2.1}{3.2.1 純虚指数函数}{subsection.3.2}% 140
\BOOKMARK [3][-]{subsubsection.3.2.2}{3.2.2 極形式}{subsection.3.2}% 141
\BOOKMARK [3][-]{subsubsection.3.2.3}{3.2.3 代数学の基本定理}{subsection.3.2}% 142
\BOOKMARK [2][-]{subsection.3.3}{3.3 指数関数}{section.3}% 143
\BOOKMARK [3][-]{subsubsection.3.3.1}{3.3.1 主値での対数関数}{subsection.3.3}% 144
\BOOKMARK [3][-]{subsubsection.3.3.2}{3.3.2 指数関数}{subsection.3.3}% 145
\BOOKMARK [3][-]{subsubsection.3.3.3}{3.3.3 対数関数}{subsection.3.3}% 146
\BOOKMARK [3][-]{subsubsection.3.3.4}{3.3.4 底の変換公式}{subsection.3.3}% 147
\BOOKMARK [3][-]{subsubsection.3.3.5}{3.3.5 Napier数の極限}{subsection.3.3}% 148
\BOOKMARK [2][-]{subsection.3.4}{3.4 無限積}{section.3}% 149
\BOOKMARK [3][-]{subsubsection.3.4.1}{3.4.1 無限積}{subsection.3.4}% 150
\BOOKMARK [3][-]{subsubsection.3.4.2}{3.4.2 無限積に関するCauchyの収束条件}{subsection.3.4}% 151
\BOOKMARK [3][-]{subsubsection.3.4.3}{3.4.3 級数と無限積}{subsection.3.4}% 152
\BOOKMARK [3][-]{subsubsection.3.4.4}{3.4.4 無限積の絶対収束}{subsection.3.4}% 153
\BOOKMARK [3][-]{subsubsection.3.4.5}{3.4.5 無限積に関する優級数定理}{subsection.3.4}% 154
\BOOKMARK [1][-]{section.4}{第4部 極値問題}{}% 155
\BOOKMARK [2][-]{subsection.4.1}{4.1 陰関数定理}{section.4}% 156
\BOOKMARK [3][-]{subsubsection.4.1.1}{4.1.1 陰関数}{subsection.4.1}% 157
\BOOKMARK [3][-]{subsubsection.4.1.2}{4.1.2 陰関数定理}{subsection.4.1}% 158
\BOOKMARK [3][-]{subsubsection.4.1.3}{4.1.3 よりよい陰関数定理}{subsection.4.1}% 159
\BOOKMARK [2][-]{subsection.4.2}{4.2 逆関数定理}{section.4}% 160
\BOOKMARK [3][-]{subsubsection.4.2.1}{4.2.1 逆関数定理}{subsection.4.2}% 161
\BOOKMARK [3][-]{subsubsection.4.2.2}{4.2.2 よりよい逆関数定理}{subsection.4.2}% 162
\BOOKMARK [3][-]{subsubsection.4.2.3}{4.2.3 Cr級同相}{subsection.4.2}% 163
\BOOKMARK [3][-]{subsubsection.4.2.4}{4.2.4 領域保存定理}{subsection.4.2}% 164
\BOOKMARK [3][-]{subsubsection.4.2.5}{4.2.5 Jacobi行列の階数}{subsection.4.2}% 165
\BOOKMARK [3][-]{subsubsection.4.2.6}{4.2.6 局所関連定理}{subsection.4.2}% 166
\BOOKMARK [2][-]{subsection.4.3}{4.3 極値}{section.4}% 167
\BOOKMARK [3][-]{subsubsection.4.3.1}{4.3.1 極値と停留点}{subsection.4.3}% 168
\BOOKMARK [3][-]{subsubsection.4.3.2}{4.3.2 2次形式}{subsection.4.3}% 169
\BOOKMARK [3][-]{subsubsection.4.3.3}{4.3.3 2次形式と関数の極値}{subsection.4.3}% 170
\BOOKMARK [2][-]{subsection.4.4}{4.4 Lagrangeの未定乗数法}{section.4}% 171
\BOOKMARK [3][-]{subsubsection.4.4.1}{4.4.1 Lagrangeの未定乗数法}{subsection.4.4}% 172
\BOOKMARK [3][-]{subsubsection.4.4.2}{4.4.2 極値の計算例}{subsection.4.4}% 173
\BOOKMARK [1][-]{section.5}{第5部 測度論}{}% 174
\BOOKMARK [2][-]{subsection.5.1}{5.1 集合の極限}{section.5}% 175
\BOOKMARK [3][-]{subsubsection.5.1.1}{5.1.1 集合の極限}{subsection.5.1}% 176
\BOOKMARK [2][-]{subsection.5.2}{5.2 -加法族}{section.5}% 177
\BOOKMARK [3][-]{subsubsection.5.2.1}{5.2.1 有限加法族}{subsection.5.2}% 178
\BOOKMARK [3][-]{subsubsection.5.2.2}{5.2.2 -加法族}{subsection.5.2}% 179
\BOOKMARK [3][-]{subsubsection.5.2.3}{5.2.3 生成される-加法族}{subsection.5.2}% 180
\BOOKMARK [3][-]{subsubsection.5.2.4}{5.2.4 相対-加法族}{subsection.5.2}% 181
\BOOKMARK [3][-]{subsubsection.5.2.5}{5.2.5 Borel集合族}{subsection.5.2}% 182
\BOOKMARK [2][-]{subsection.5.3}{5.3 測度}{section.5}% 183
\BOOKMARK [3][-]{subsubsection.5.3.1}{5.3.1 Jordan測度}{subsection.5.3}% 184
\BOOKMARK [3][-]{subsubsection.5.3.2}{5.3.2 外測度}{subsection.5.3}% 185
\BOOKMARK [3][-]{subsubsection.5.3.3}{5.3.3 Caratheodoryの意味で可測である}{subsection.5.3}% 186
\BOOKMARK [3][-]{subsubsection.5.3.4}{5.3.4 測度}{subsection.5.3}% 187
\BOOKMARK [3][-]{subsubsection.5.3.5}{5.3.5 ほとんどすべて}{subsection.5.3}% 188
\BOOKMARK [3][-]{subsubsection.5.3.6}{5.3.6 完備}{subsection.5.3}% 189
\BOOKMARK [3][-]{subsubsection.5.3.7}{5.3.7 測度の完備化}{subsection.5.3}% 190
\BOOKMARK [3][-]{subsubsection.5.3.8}{5.3.8 Hopfの拡張定理}{subsection.5.3}% 191
\BOOKMARK [2][-]{subsection.5.4}{5.4 Lebesgue測度}{section.5}% 192
\BOOKMARK [3][-]{subsubsection.5.4.1}{5.4.1 有限加法的なLebesgue-Stieltjes測度}{subsection.5.4}% 193
\BOOKMARK [3][-]{subsubsection.5.4.2}{5.4.2 Lebesgue-Stieltjes測度}{subsection.5.4}% 194
\BOOKMARK [3][-]{subsubsection.5.4.3}{5.4.3 Lindelofの被覆定理}{subsection.5.4}% 195
\BOOKMARK [3][-]{subsubsection.5.4.4}{5.4.4 Lebesgue測度とBorel集合族}{subsection.5.4}% 196
\BOOKMARK [3][-]{subsubsection.5.4.5}{5.4.5 Lebesgue測度の完備性}{subsection.5.4}% 197
\BOOKMARK [3][-]{subsubsection.5.4.6}{5.4.6 Lebesgue測度とaffine変換}{subsection.5.4}% 198
\BOOKMARK [2][-]{subsection.5.5}{5.5 可測写像}{section.5}% 199
\BOOKMARK [3][-]{subsubsection.5.5.1}{5.5.1 可測写像}{subsection.5.5}% 200
\BOOKMARK [3][-]{subsubsection.5.5.2}{5.5.2 直積-加法族}{subsection.5.5}% 201
\BOOKMARK [3][-]{subsubsection.5.5.3}{5.5.3 可測関数とこれに関連する定義}{subsection.5.5}% 202
\BOOKMARK [3][-]{subsubsection.5.5.4}{5.5.4 単関数}{subsection.5.5}% 203
\BOOKMARK [3][-]{subsubsection.5.5.5}{5.5.5 非負可測関数の非負単関数の列による近似}{subsection.5.5}% 204
\BOOKMARK [3][-]{subsubsection.5.5.6}{5.5.6 Egoroffの定理}{subsection.5.5}% 205
\BOOKMARK [3][-]{subsubsection.5.5.7}{5.5.7 Lebesgue可測関数}{subsection.5.5}% 206
\BOOKMARK [3][-]{subsubsection.5.5.8}{5.5.8 Lusinの定理}{subsection.5.5}% 207
\BOOKMARK [2][-]{subsection.5.6}{5.6 単調族}{section.5}% 208
\BOOKMARK [3][-]{subsubsection.5.6.1}{5.6.1 単調族}{subsection.5.6}% 209
\BOOKMARK [3][-]{subsubsection.5.6.2}{5.6.2 生成される単調族}{subsection.5.6}% 210
\BOOKMARK [3][-]{subsubsection.5.6.3}{5.6.3 Dynkin族}{subsection.5.6}% 211
\BOOKMARK [3][-]{subsubsection.5.6.4}{5.6.4 生成されるDynkin族}{subsection.5.6}% 212
\BOOKMARK [3][-]{subsubsection.5.6.5}{5.6.5 相対Dynkin族}{subsection.5.6}% 213
\BOOKMARK [3][-]{subsubsection.5.6.6}{5.6.6 乗法族}{subsection.5.6}% 214
\BOOKMARK [3][-]{subsubsection.5.6.7}{5.6.7 生成される乗法族}{subsection.5.6}% 215
\BOOKMARK [3][-]{subsubsection.5.6.8}{5.6.8 Dynkin族定理}{subsection.5.6}% 216
\BOOKMARK [2][-]{subsection.5.7}{5.7 直積測度}{section.5}% 217
\BOOKMARK [3][-]{subsubsection.5.7.1}{5.7.1 矩形集合}{subsection.5.7}% 218
\BOOKMARK [3][-]{subsubsection.5.7.2}{5.7.2 直積測度}{subsection.5.7}% 219
\BOOKMARK [1][-]{section.6}{第6部 積分論}{}% 220
\BOOKMARK [2][-]{subsection.6.1}{6.1 積分}{section.6}% 221
\BOOKMARK [3][-]{subsubsection.6.1.1}{6.1.1 積分の準備}{subsection.6.1}% 222
\BOOKMARK [3][-]{subsubsection.6.1.2}{6.1.2 積分}{subsection.6.1}% 223
\BOOKMARK [3][-]{subsubsection.6.1.3}{6.1.3 非負値関数の積分の基本的な性質}{subsection.6.1}% 224
\BOOKMARK [3][-]{subsubsection.6.1.4}{6.1.4 積分の基本的な性質}{subsection.6.1}% 225
\BOOKMARK [3][-]{subsubsection.6.1.5}{6.1.5 単調収束定理}{subsection.6.1}% 226
\BOOKMARK [3][-]{subsubsection.6.1.6}{6.1.6 積分の線形性}{subsection.6.1}% 227
\BOOKMARK [3][-]{subsubsection.6.1.7}{6.1.7 積分の第1平均値定理}{subsection.6.1}% 228
\BOOKMARK [2][-]{subsection.6.2}{6.2 極限と積分}{section.6}% 229
\BOOKMARK [3][-]{subsubsection.6.2.1}{6.2.1 単調収束定理}{subsection.6.2}% 230
\BOOKMARK [3][-]{subsubsection.6.2.2}{6.2.2 Lebesgueの収束定理}{subsection.6.2}% 231
\BOOKMARK [3][-]{subsubsection.6.2.3}{6.2.3 項別積分}{subsection.6.2}% 232
\BOOKMARK [3][-]{subsubsection.6.2.4}{6.2.4 積分区間の極限}{subsection.6.2}% 233
\BOOKMARK [3][-]{subsubsection.6.2.5}{6.2.5 微分と積分の順序交換}{subsection.6.2}% 234
\BOOKMARK [2][-]{subsection.6.3}{6.3 零集合と積分}{section.6}% 235
\BOOKMARK [3][-]{subsubsection.6.3.1}{6.3.1 \(X,,\) \040- \040a.e.集合}{subsection.6.3}% 236
\BOOKMARK [3][-]{subsubsection.6.3.2}{6.3.2 零集合と収束定理}{subsection.6.3}% 237
\BOOKMARK [2][-]{subsection.6.4}{6.4 Fubini-Tonelliの定理}{section.6}% 238
\BOOKMARK [3][-]{subsubsection.6.4.1}{6.4.1 Fubini-Tonelliの定理の準備}{subsection.6.4}% 239
\BOOKMARK [3][-]{subsubsection.6.4.2}{6.4.2 Fubini-Tonelliの定理}{subsection.6.4}% 240
\BOOKMARK [3][-]{subsubsection.6.4.3}{6.4.3 完備測度に関するFubini-Tonelliの定理}{subsection.6.4}% 241
\BOOKMARK [2][-]{subsection.6.5}{6.5 Riemann積分}{section.6}% 242
\BOOKMARK [3][-]{subsubsection.6.5.1}{6.5.1 区間塊上のRiemann積分}{subsection.6.5}% 243
\BOOKMARK [3][-]{subsubsection.6.5.2}{6.5.2 下積分と上積分}{subsection.6.5}% 244
\BOOKMARK [3][-]{subsubsection.6.5.3}{6.5.3 細分}{subsection.6.5}% 245
\BOOKMARK [3][-]{subsubsection.6.5.4}{6.5.4 Darbouxの定理}{subsection.6.5}% 246
\BOOKMARK [3][-]{subsubsection.6.5.5}{6.5.5 Riemann積分}{subsection.6.5}% 247
\BOOKMARK [3][-]{subsubsection.6.5.6}{6.5.6 Riemann積分とLebesgue積分}{subsection.6.5}% 248
\BOOKMARK [2][-]{subsection.6.6}{6.6 Lebesgue積分}{section.6}% 249
\BOOKMARK [3][-]{subsubsection.6.6.1}{6.6.1 Riemann積分の第1平均値の定理}{subsection.6.6}% 250
\BOOKMARK [3][-]{subsubsection.6.6.2}{6.6.2 Lebesgue積分とUrysohnの補題}{subsection.6.6}% 251
\BOOKMARK [3][-]{subsubsection.6.6.3}{6.6.3 Lebesgue積分とaffine変換}{subsection.6.6}% 252
\BOOKMARK [3][-]{subsubsection.6.6.4}{6.6.4 Lebesgue積分と連続関数}{subsection.6.6}% 253
\BOOKMARK [3][-]{subsubsection.6.6.5}{6.6.5 積分の強単調性}{subsection.6.6}% 254
\BOOKMARK [3][-]{subsubsection.6.6.6}{6.6.6 累次積分}{subsection.6.6}% 255
