%このファイルは日本語文字を含みます.
\BOOKMARK [1][-]{section.1}{第1部 位相空間論}{}% 1
\BOOKMARK [2][-]{subsection.1.1}{1.1 位相空間}{section.1}% 2
\BOOKMARK [3][-]{subsubsection.1.1.1}{1.1.1 位相}{subsection.1.1}% 3
\BOOKMARK [3][-]{subsubsection.1.1.2}{1.1.2 開集合}{subsection.1.1}% 4
\BOOKMARK [3][-]{subsubsection.1.1.3}{1.1.3 開核}{subsection.1.1}% 5
\BOOKMARK [3][-]{subsubsection.1.1.4}{1.1.4 閉集合}{subsection.1.1}% 6
\BOOKMARK [3][-]{subsubsection.1.1.5}{1.1.5 閉包}{subsection.1.1}% 7
\BOOKMARK [3][-]{subsubsection.1.1.6}{1.1.6 開核と閉包との関係}{subsection.1.1}% 8
\BOOKMARK [3][-]{subsubsection.1.1.7}{1.1.7 開核作用子と閉包作用子}{subsection.1.1}% 9
\BOOKMARK [3][-]{subsubsection.1.1.8}{1.1.8 外部と境界}{subsection.1.1}% 10
\BOOKMARK [3][-]{subsubsection.1.1.9}{1.1.9 近傍}{subsection.1.1}% 11
\BOOKMARK [2][-]{subsection.1.2}{1.2 開基}{section.1}% 12
\BOOKMARK [3][-]{subsubsection.1.2.1}{1.2.1 位相の強弱}{subsection.1.2}% 13
\BOOKMARK [3][-]{subsubsection.1.2.2}{1.2.2 位相の生成}{subsection.1.2}% 14
\BOOKMARK [3][-]{subsubsection.1.2.3}{1.2.3 開基}{subsection.1.2}% 15
\BOOKMARK [3][-]{subsubsection.1.2.4}{1.2.4 基本近傍系}{subsection.1.2}% 16
\BOOKMARK [3][-]{subsubsection.1.2.5}{1.2.5 可算公理}{subsection.1.2}% 17
\BOOKMARK [3][-]{subsubsection.1.2.6}{1.2.6 可分な位相空間}{subsection.1.2}% 18
\BOOKMARK [2][-]{subsection.1.3}{1.3 連続写像}{section.1}% 19
\BOOKMARK [3][-]{subsubsection.1.3.1}{1.3.1 連続写像}{subsection.1.3}% 20
\BOOKMARK [3][-]{subsubsection.1.3.2}{1.3.2 開写像と閉写像}{subsection.1.3}% 21
\BOOKMARK [3][-]{subsubsection.1.3.3}{1.3.3 同相写像}{subsection.1.3}% 22
\BOOKMARK [2][-]{subsection.1.4}{1.4 誘導位相空間}{section.1}% 23
\BOOKMARK [3][-]{subsubsection.1.4.1}{1.4.1 誘導位相空間}{subsection.1.4}% 24
\BOOKMARK [3][-]{subsubsection.1.4.2}{1.4.2 相対位相空間}{subsection.1.4}% 25
\BOOKMARK [3][-]{subsubsection.1.4.3}{1.4.3 直積位相空間}{subsection.1.4}% 26
\BOOKMARK [3][-]{subsubsection.1.4.4}{1.4.4 商位相空間}{subsection.1.4}% 27
\BOOKMARK [2][-]{subsection.1.5}{1.5 連結}{section.1}% 28
\BOOKMARK [3][-]{subsubsection.1.5.1}{1.5.1 連結}{subsection.1.5}% 29
\BOOKMARK [3][-]{subsubsection.1.5.2}{1.5.2 連結成分}{subsection.1.5}% 30
\BOOKMARK [3][-]{subsubsection.1.5.3}{1.5.3 直積位相空間と連結}{subsection.1.5}% 31
\BOOKMARK [2][-]{subsection.1.6}{1.6 compact空間}{section.1}% 32
\BOOKMARK [3][-]{subsubsection.1.6.1}{1.6.1 compact空間}{subsection.1.6}% 33
\BOOKMARK [3][-]{subsubsection.1.6.2}{1.6.2 Tikhonovの定理}{subsection.1.6}% 34
\BOOKMARK [3][-]{subsubsection.1.6.3}{1.6.3 Hausdorff空間}{subsection.1.6}% 35
\BOOKMARK [3][-]{subsubsection.1.6.4}{1.6.4 1点compact化}{subsection.1.6}% 36
\BOOKMARK [3][-]{subsubsection.1.6.5}{1.6.5 Lindelofの性質}{subsection.1.6}% 37
\BOOKMARK [2][-]{subsection.1.7}{1.7 分離公理}{section.1}% 38
\BOOKMARK [3][-]{subsubsection.1.7.1}{1.7.1 正規空間}{subsection.1.7}% 39
\BOOKMARK [3][-]{subsubsection.1.7.2}{1.7.2 分離公理に関する二定理}{subsection.1.7}% 40
\BOOKMARK [3][-]{subsubsection.1.7.3}{1.7.3 1次元Euclid空間における位相空間}{subsection.1.7}% 41
\BOOKMARK [3][-]{subsubsection.1.7.4}{1.7.4 Urysohnの補題}{subsection.1.7}% 42
\BOOKMARK [3][-]{subsubsection.1.7.5}{1.7.5 分離公理}{subsection.1.7}% 43
\BOOKMARK [2][-]{subsection.1.8}{1.8 filter}{section.1}% 44
\BOOKMARK [3][-]{subsubsection.1.8.1}{1.8.1 filter}{subsection.1.8}% 45
\BOOKMARK [3][-]{subsubsection.1.8.2}{1.8.2 filterの収束}{subsection.1.8}% 46
\BOOKMARK [3][-]{subsubsection.1.8.3}{1.8.3 極大filter}{subsection.1.8}% 47
\BOOKMARK [3][-]{subsubsection.1.8.4}{1.8.4 極大filterによって誘導された位相空間}{subsection.1.8}% 48
\BOOKMARK [3][-]{subsubsection.1.8.5}{1.8.5 filterとcompact空間}{subsection.1.8}% 49
\BOOKMARK [3][-]{subsubsection.1.8.6}{1.8.6 filterとHausdorff空間}{subsection.1.8}% 50
\BOOKMARK [2][-]{subsection.1.9}{1.9 有向点族}{section.1}% 51
\BOOKMARK [3][-]{subsubsection.1.9.1}{1.9.1 有向点族}{subsection.1.9}% 52
\BOOKMARK [3][-]{subsubsection.1.9.2}{1.9.2 普遍有向点族}{subsection.1.9}% 53
\BOOKMARK [3][-]{subsubsection.1.9.3}{1.9.3 有向点族の収束}{subsection.1.9}% 54
\BOOKMARK [3][-]{subsubsection.1.9.4}{1.9.4 有向点族と位相空間}{subsection.1.9}% 55
\BOOKMARK [3][-]{subsubsection.1.9.5}{1.9.5 有向点族と誘導位相空間}{subsection.1.9}% 56
\BOOKMARK [3][-]{subsubsection.1.9.6}{1.9.6 有向点族と直積位相空間}{subsection.1.9}% 57
\BOOKMARK [3][-]{subsubsection.1.9.7}{1.9.7 有向点族とcompact空間}{subsection.1.9}% 58
\BOOKMARK [3][-]{subsubsection.1.9.8}{1.9.8 有向点族とHausdorff空間}{subsection.1.9}% 59
\BOOKMARK [2][-]{subsection.1.10}{1.10 第1可算公理における点列}{section.1}% 60
\BOOKMARK [3][-]{subsubsection.1.10.1}{1.10.1 第1可算公理の基本補題}{subsection.1.10}% 61
\BOOKMARK [3][-]{subsubsection.1.10.2}{1.10.2 第1可算公理を満たす位相空間と点列}{subsection.1.10}% 62
\BOOKMARK [3][-]{subsubsection.1.10.3}{1.10.3 第1可算公理を満たすcompact空間と点列}{subsection.1.10}% 63
\BOOKMARK [1][-]{section.2}{第2部 距離空間論}{}% 64
\BOOKMARK [2][-]{subsection.2.1}{2.1 距離空間}{section.2}% 65
\BOOKMARK [3][-]{subsubsection.2.1.1}{2.1.1 距離空間}{subsection.2.1}% 66
\BOOKMARK [3][-]{subsubsection.2.1.2}{2.1.2 距離空間における位相空間}{subsection.2.1}% 67
\BOOKMARK [3][-]{subsubsection.2.1.3}{2.1.3 距離空間における極限}{subsection.2.1}% 68
\BOOKMARK [3][-]{subsubsection.2.1.4}{2.1.4 距離空間における連続写像}{subsection.2.1}% 69
\BOOKMARK [3][-]{subsubsection.2.1.5}{2.1.5 位相的な同値}{subsection.2.1}% 70
\BOOKMARK [3][-]{subsubsection.2.1.6}{2.1.6 部分距離空間}{subsection.2.1}% 71
\BOOKMARK [3][-]{subsubsection.2.1.7}{2.1.7 直積距離空間}{subsection.2.1}% 72
\BOOKMARK [3][-]{subsubsection.2.1.8}{2.1.8 直積距離空間における極限}{subsection.2.1}% 73
\BOOKMARK [2][-]{subsection.2.2}{2.2 Euclid空間}{section.2}% 74
\BOOKMARK [3][-]{subsubsection.2.2.1}{2.2.1 Euclid空間}{subsection.2.2}% 75
\BOOKMARK [3][-]{subsubsection.2.2.2}{2.2.2 Euclid空間における位相空間の開基}{subsection.2.2}% 76
\BOOKMARK [3][-]{subsubsection.2.2.3}{2.2.3 Euclid空間における位相空間の連続写像}{subsection.2.2}% 77
\BOOKMARK [3][-]{subsubsection.2.2.4}{2.2.4 Euclid空間における位相空間の連結}{subsection.2.2}% 78
\BOOKMARK [3][-]{subsubsection.2.2.5}{2.2.5 弧状連結}{subsection.2.2}% 79
\BOOKMARK [3][-]{subsubsection.2.2.6}{2.2.6 凸集合}{subsection.2.2}% 80
\BOOKMARK [3][-]{subsubsection.2.2.7}{2.2.7 連結と弧状連結}{subsection.2.2}% 81
\BOOKMARK [3][-]{subsubsection.2.2.8}{2.2.8 凸包}{subsection.2.2}% 82
\BOOKMARK [3][-]{subsubsection.2.2.9}{2.2.9 Euclid空間における位相空間と凸集合}{subsection.2.2}% 83
\BOOKMARK [2][-]{subsection.2.3}{2.3 集合間の距離}{section.2}% 84
\BOOKMARK [3][-]{subsubsection.2.3.1}{2.3.1 集合の直径}{subsection.2.3}% 85
\BOOKMARK [3][-]{subsubsection.2.3.2}{2.3.2 集合間の距離}{subsection.2.3}% 86
\BOOKMARK [3][-]{subsubsection.2.3.3}{2.3.3 距離空間とT4-空間}{subsection.2.3}% 87
\BOOKMARK [2][-]{subsection.2.4}{2.4 一様連続}{section.2}% 88
\BOOKMARK [3][-]{subsubsection.2.4.1}{2.4.1 一様連続}{subsection.2.4}% 89
\BOOKMARK [3][-]{subsubsection.2.4.2}{2.4.2 一様同相写像}{subsection.2.4}% 90
\BOOKMARK [3][-]{subsubsection.2.4.3}{2.4.3 完備距離空間}{subsection.2.4}% 91
\BOOKMARK [3][-]{subsubsection.2.4.4}{2.4.4 全有界距離空間}{subsection.2.4}% 92
\BOOKMARK [3][-]{subsubsection.2.4.5}{2.4.5 部分列}{subsection.2.4}% 93
\BOOKMARK [2][-]{subsection.2.5}{2.5 compact距離空間}{section.2}% 94
\BOOKMARK [3][-]{subsubsection.2.5.1}{2.5.1 Euclid空間におけるcompact空間}{subsection.2.5}% 95
\BOOKMARK [3][-]{subsubsection.2.5.2}{2.5.2 compact距離空間}{subsection.2.5}% 96
\BOOKMARK [3][-]{subsubsection.2.5.3}{2.5.3 Euclid空間の完備}{subsection.2.5}% 97
\BOOKMARK [3][-]{subsubsection.2.5.4}{2.5.4 Frechetの意味でのcompact距離空間}{subsection.2.5}% 98
\BOOKMARK [2][-]{subsection.2.6}{2.6 完備化}{section.2}% 99
\BOOKMARK [3][-]{subsubsection.2.6.1}{2.6.1 完備化}{subsection.2.6}% 100
\BOOKMARK [1][-]{section.3}{第3部 多様体論}{}% 101
\BOOKMARK [2][-]{subsection.3.1}{3.1 多様体}{section.3}% 102
\BOOKMARK [3][-]{subsubsection.3.1.1}{3.1.1 位相多様体}{subsection.3.1}% 103
\BOOKMARK [3][-]{subsubsection.3.1.2}{3.1.2 可微分多様体}{subsection.3.1}% 104
\BOOKMARK [3][-]{subsubsection.3.1.3}{3.1.3 開部分多様体}{subsection.3.1}% 105
\BOOKMARK [3][-]{subsubsection.3.1.4}{3.1.4 積多様体}{subsection.3.1}% 106
